<?xml version="1.0" encoding="UTF-8"?>
<testsuite xmlns:xsi="http://www.w3.org/2001/XMLSchema-instance" xsi:noNamespaceSchemaLocation="https://maven.apache.org/surefire/maven-surefire-plugin/xsd/surefire-test-report-3.0.xsd" version="3.0" name="Stepdefinition.TestRunner" time="31.121" tests="1" errors="0" skipped="0" failures="0">
  <properties>
[...]
</properties>
  <testcase name="runScenario[&quot;verify the user is able to login with valid credentials&quot;, &quot;Login check&quot;](1)" classname="Stepdefinition.TestRunner" time="29.155">
    <system-out><![CDATA[
Scenario: verify the user is able to login with valid credentials &amp#27;[90m# Feature Files/login.feature:2&amp#27;[0m
  &amp#27;[32mGiven &amp#27;[0m&amp#27;[32mif the user on home page&amp#27;[0m                                  &amp#27;[90m# Stepdefinition.Logindef.if_the_user_on_home_page()&amp#27;[0m
  &amp#27;[32mWhen &amp#27;[0m&amp#27;[32mclick on login link&amp#27;[0m                                        &amp#27;[90m# Stepdefinition.Logindef.click_on_login_link()&amp#27;[0m
  &amp#27;[32mAnd &amp#27;[0m&amp#27;[32mEnter login details&amp#27;[0m                                         &amp#27;[90m# Stepdefinition.Logindef.enter_login_details()&amp#27;[0m
  &amp#27;[32mThen &amp#27;[0m&amp#27;[32mverify logout link&amp#27;[0m                                         &amp#27;[90m# Stepdefinition.Logindef.verify_logout_link()&amp#27;[0m
]]></system-out>
    <system-err><![CDATA[SLF4J: Failed to load class "org.slf4j.impl.StaticLoggerBinder".
SLF4J: Defaulting to no-operation (NOP) logger implementation
SLF4J: See http://www.slf4j.org/codes.html#StaticLoggerBinder for further details.
]]></system-err>
  </testcase>
</testsuite>