<?xml version="1.0" encoding="UTF-8"?>
<testng-results ignored="0" total="1" passed="1" failed="0" skipped="0">
  <reporter-output>
  </reporter-output>
  <suite started-at="2024-02-21T22:27:47 IST" name="Default suite" finished-at="2024-02-21T22:28:13 IST" duration-ms="26421">
    <groups>
      <group name="cucumber">
        <method signature="AbstractTestNGCucumberTests.runScenario(io.cucumber.testng.PickleWrapper,io.cucumber.testng.FeatureWrapper)[pri:0, instance:Stepdefinition.TestRunner@17f9d882]" name="runScenario" class="io.cucumber.testng.AbstractTestNGCucumberTests"/>
      </group> <!-- cucumber -->
    </groups>
    <test started-at="2024-02-21T22:27:47 IST" name="Default test" finished-at="2024-02-21T22:28:13 IST" duration-ms="26421">
      <class name="Stepdefinition.TestRunner">
        <test-method is-config="true" signature="setUpClass(org.testng.ITestContext)[pri:0, instance:Stepdefinition.TestRunner@17f9d882]" started-at="2024-02-21T22:27:47 IST" name="setUpClass" finished-at="2024-02-21T22:27:47 IST" duration-ms="571" status="PASS">
          <params>
            <param index="0">
              <value>
                <![CDATA[org.testng.TestRunner@5ff2b8ca]]>
              </value>
            </param>
          </params>
          <reporter-output>
          </reporter-output>
        </test-method> <!-- setUpClass -->
        <test-method signature="runScenario(io.cucumber.testng.PickleWrapper,io.cucumber.testng.FeatureWrapper)[pri:0, instance:Stepdefinition.TestRunner@17f9d882]" started-at="2024-02-21T22:27:47 IST" name="runScenario" description="Runs Cucumber Scenarios" data-provider="scenarios" finished-at="2024-02-21T22:28:13 IST" duration-ms="25641" status="PASS">
          <params>
            <param index="0">
              <value>
                <![CDATA["verify the user is able to login with valid credentials"]]>
              </value>
            </param>
            <param index="1">
              <value>
                <![CDATA["Login check"]]>
              </value>
            </param>
          </params>
          <reporter-output>
          </reporter-output>
        </test-method> <!-- runScenario -->
        <test-method is-config="true" signature="tearDownClass()[pri:0, instance:Stepdefinition.TestRunner@17f9d882]" started-at="2024-02-21T22:28:13 IST" name="tearDownClass" finished-at="2024-02-21T22:28:13 IST" duration-ms="158" status="PASS">
          <reporter-output>
          </reporter-output>
        </test-method> <!-- tearDownClass -->
      </class> <!-- Stepdefinition.TestRunner -->
    </test> <!-- Default test -->
  </suite> <!-- Default suite -->
</testng-results>
